<?xml version="1.0" encoding="UTF-8"?>
<!-- Generated by org.testng.reporters.JUnitReportReporter -->
<testsuite hostname="Praniksha-PC" name="jiyyoTests.LAB" tests="1" failures="0" timestamp="18 Feb 2019 11:51:54 GMT" time="0.020" errors="0">
  <testcase name="LABcreateBill" time="0.020" classname="jiyyoTests.LAB"/>
</testsuite> <!-- jiyyoTests.LAB -->
