<?xml version="1.0" encoding="UTF-8"?>
<!-- Generated by org.testng.reporters.JUnitReportReporter -->
<testsuite name="jiyyoTests.LAB_Module" tests="2" time="0.052" ignored="0" failures="0" timestamp="20 Feb 2019 07:38:10 GMT" skipped="0" hostname="Praniksha-PC" errors="0">
  <testcase name="LABdcreatebillnewpatient" time="0.002" classname="jiyyoTests.LAB_Module"/>
  <testcase name="LABcreatebillexistingpatient" time="0.050" classname="jiyyoTests.LAB_Module"/>
</testsuite> <!-- jiyyoTests.LAB_Module -->
