<?xml version="1.0" encoding="UTF-8"?>
<!-- Generated by org.testng.reporters.JUnitReportReporter -->
<testsuite name="jiyyoTests.LAB_Module" tests="2" time="0.033" ignored="0" failures="0" timestamp="20 Feb 2019 07:13:42 GMT" skipped="0" hostname="Praniksha-PC" errors="0">
  <testcase name="LABdcreatebillnewpatient" time="0.001" classname="jiyyoTests.LAB_Module"/>
  <testcase name="LABcreatebillexistingpatient" time="0.032" classname="jiyyoTests.LAB_Module"/>
</testsuite> <!-- jiyyoTests.LAB_Module -->
